This is pdfTeX, Version 3.1415926-2.5-1.40.13 (TeX Live 2013/dev) (format=pdflatex 2013.4.20)  16 NOV 2013 04:14
entering extended mode
 restricted \write18 enabled.
 %&-line parsing enabled.
**simpl_write_up.tex
(./simpl_write_up.tex
LaTeX2e <2011/06/27>
Babel <v3.8m> and hyphenation patterns for english, dumylang, nohyphenation, lo
aded.
(/usr/share/texlive/texmf-dist/tex/latex/base/article.cls
Document Class: article 2007/10/19 v1.4h Standard LaTeX document class
(/usr/share/texlive/texmf-dist/tex/latex/base/size10.clo
File: size10.clo 2007/10/19 v1.4h Standard LaTeX file (size option)
)
\c@part=\count79
\c@section=\count80
\c@subsection=\count81
\c@subsubsection=\count82
\c@paragraph=\count83
\c@subparagraph=\count84
\c@figure=\count85
\c@table=\count86
\abovecaptionskip=\skip41
\belowcaptionskip=\skip42
\bibindent=\dimen102
)
(/usr/share/texlive/texmf-dist/tex/latex/geometry/geometry.sty
Package: geometry 2010/09/12 v5.6 Page Geometry

(/usr/share/texlive/texmf-dist/tex/latex/graphics/keyval.sty
Package: keyval 1999/03/16 v1.13 key=value parser (DPC)
\KV@toks@=\toks14
)
(/usr/share/texlive/texmf-dist/tex/generic/oberdiek/ifpdf.sty
Package: ifpdf 2011/01/30 v2.3 Provides the ifpdf switch (HO)
Package ifpdf Info: pdfTeX in PDF mode is detected.
)
(/usr/share/texlive/texmf-dist/tex/generic/oberdiek/ifvtex.sty
Package: ifvtex 2010/03/01 v1.5 Detect VTeX and its facilities (HO)
Package ifvtex Info: VTeX not detected.
)
(/usr/share/texlive/texmf-dist/tex/generic/ifxetex/ifxetex.sty
Package: ifxetex 2010/09/12 v0.6 Provides ifxetex conditional
)
\Gm@cnth=\count87
\Gm@cntv=\count88
\c@Gm@tempcnt=\count89
\Gm@bindingoffset=\dimen103
\Gm@wd@mp=\dimen104
\Gm@odd@mp=\dimen105
\Gm@even@mp=\dimen106
\Gm@layoutwidth=\dimen107
\Gm@layoutheight=\dimen108
\Gm@layouthoffset=\dimen109
\Gm@layoutvoffset=\dimen110
\Gm@dimlist=\toks15
)
(/usr/share/texlive/texmf-dist/tex/latex/base/inputenc.sty
Package: inputenc 2008/03/30 v1.1d Input encoding file
\inpenc@prehook=\toks16
\inpenc@posthook=\toks17

(/usr/share/texlive/texmf-dist/tex/latex/base/utf8.def
File: utf8.def 2008/04/05 v1.1m UTF-8 support for inputenc
Now handling font encoding OML ...
... no UTF-8 mapping file for font encoding OML
Now handling font encoding T1 ...
... processing UTF-8 mapping file for font encoding T1

(/usr/share/texlive/texmf-dist/tex/latex/base/t1enc.dfu
File: t1enc.dfu 2008/04/05 v1.1m UTF-8 support for inputenc
   defining Unicode char U+00A1 (decimal 161)
   defining Unicode char U+00A3 (decimal 163)
   defining Unicode char U+00AB (decimal 171)
   defining Unicode char U+00BB (decimal 187)
   defining Unicode char U+00BF (decimal 191)
   defining Unicode char U+00C0 (decimal 192)
   defining Unicode char U+00C1 (decimal 193)
   defining Unicode char U+00C2 (decimal 194)
   defining Unicode char U+00C3 (decimal 195)
   defining Unicode char U+00C4 (decimal 196)
   defining Unicode char U+00C5 (decimal 197)
   defining Unicode char U+00C6 (decimal 198)
   defining Unicode char U+00C7 (decimal 199)
   defining Unicode char U+00C8 (decimal 200)
   defining Unicode char U+00C9 (decimal 201)
   defining Unicode char U+00CA (decimal 202)
   defining Unicode char U+00CB (decimal 203)
   defining Unicode char U+00CC (decimal 204)
   defining Unicode char U+00CD (decimal 205)
   defining Unicode char U+00CE (decimal 206)
   defining Unicode char U+00CF (decimal 207)
   defining Unicode char U+00D0 (decimal 208)
   defining Unicode char U+00D1 (decimal 209)
   defining Unicode char U+00D2 (decimal 210)
   defining Unicode char U+00D3 (decimal 211)
   defining Unicode char U+00D4 (decimal 212)
   defining Unicode char U+00D5 (decimal 213)
   defining Unicode char U+00D6 (decimal 214)
   defining Unicode char U+00D8 (decimal 216)
   defining Unicode char U+00D9 (decimal 217)
   defining Unicode char U+00DA (decimal 218)
   defining Unicode char U+00DB (decimal 219)
   defining Unicode char U+00DC (decimal 220)
   defining Unicode char U+00DD (decimal 221)
   defining Unicode char U+00DE (decimal 222)
   defining Unicode char U+00DF (decimal 223)
   defining Unicode char U+00E0 (decimal 224)
   defining Unicode char U+00E1 (decimal 225)
   defining Unicode char U+00E2 (decimal 226)
   defining Unicode char U+00E3 (decimal 227)
   defining Unicode char U+00E4 (decimal 228)
   defining Unicode char U+00E5 (decimal 229)
   defining Unicode char U+00E6 (decimal 230)
   defining Unicode char U+00E7 (decimal 231)
   defining Unicode char U+00E8 (decimal 232)
   defining Unicode char U+00E9 (decimal 233)
   defining Unicode char U+00EA (decimal 234)
   defining Unicode char U+00EB (decimal 235)
   defining Unicode char U+00EC (decimal 236)
   defining Unicode char U+00ED (decimal 237)
   defining Unicode char U+00EE (decimal 238)
   defining Unicode char U+00EF (decimal 239)
   defining Unicode char U+00F0 (decimal 240)
   defining Unicode char U+00F1 (decimal 241)
   defining Unicode char U+00F2 (decimal 242)
   defining Unicode char U+00F3 (decimal 243)
   defining Unicode char U+00F4 (decimal 244)
   defining Unicode char U+00F5 (decimal 245)
   defining Unicode char U+00F6 (decimal 246)
   defining Unicode char U+00F8 (decimal 248)
   defining Unicode char U+00F9 (decimal 249)
   defining Unicode char U+00FA (decimal 250)
   defining Unicode char U+00FB (decimal 251)
   defining Unicode char U+00FC (decimal 252)
   defining Unicode char U+00FD (decimal 253)
   defining Unicode char U+00FE (decimal 254)
   defining Unicode char U+00FF (decimal 255)
   defining Unicode char U+0102 (decimal 258)
   defining Unicode char U+0103 (decimal 259)
   defining Unicode char U+0104 (decimal 260)
   defining Unicode char U+0105 (decimal 261)
   defining Unicode char U+0106 (decimal 262)
   defining Unicode char U+0107 (decimal 263)
   defining Unicode char U+010C (decimal 268)
   defining Unicode char U+010D (decimal 269)
   defining Unicode char U+010E (decimal 270)
   defining Unicode char U+010F (decimal 271)
   defining Unicode char U+0110 (decimal 272)
   defining Unicode char U+0111 (decimal 273)
   defining Unicode char U+0118 (decimal 280)
   defining Unicode char U+0119 (decimal 281)
   defining Unicode char U+011A (decimal 282)
   defining Unicode char U+011B (decimal 283)
   defining Unicode char U+011E (decimal 286)
   defining Unicode char U+011F (decimal 287)
   defining Unicode char U+0130 (decimal 304)
   defining Unicode char U+0131 (decimal 305)
   defining Unicode char U+0132 (decimal 306)
   defining Unicode char U+0133 (decimal 307)
   defining Unicode char U+0139 (decimal 313)
   defining Unicode char U+013A (decimal 314)
   defining Unicode char U+013D (decimal 317)
   defining Unicode char U+013E (decimal 318)
   defining Unicode char U+0141 (decimal 321)
   defining Unicode char U+0142 (decimal 322)
   defining Unicode char U+0143 (decimal 323)
   defining Unicode char U+0144 (decimal 324)
   defining Unicode char U+0147 (decimal 327)
   defining Unicode char U+0148 (decimal 328)
   defining Unicode char U+014A (decimal 330)
   defining Unicode char U+014B (decimal 331)
   defining Unicode char U+0150 (decimal 336)
   defining Unicode char U+0151 (decimal 337)
   defining Unicode char U+0152 (decimal 338)
   defining Unicode char U+0153 (decimal 339)
   defining Unicode char U+0154 (decimal 340)
   defining Unicode char U+0155 (decimal 341)
   defining Unicode char U+0158 (decimal 344)
   defining Unicode char U+0159 (decimal 345)
   defining Unicode char U+015A (decimal 346)
   defining Unicode char U+015B (decimal 347)
   defining Unicode char U+015E (decimal 350)
   defining Unicode char U+015F (decimal 351)
   defining Unicode char U+0160 (decimal 352)
   defining Unicode char U+0161 (decimal 353)
   defining Unicode char U+0162 (decimal 354)
   defining Unicode char U+0163 (decimal 355)
   defining Unicode char U+0164 (decimal 356)
   defining Unicode char U+0165 (decimal 357)
   defining Unicode char U+016E (decimal 366)
   defining Unicode char U+016F (decimal 367)
   defining Unicode char U+0170 (decimal 368)
   defining Unicode char U+0171 (decimal 369)
   defining Unicode char U+0178 (decimal 376)
   defining Unicode char U+0179 (decimal 377)
   defining Unicode char U+017A (decimal 378)
   defining Unicode char U+017B (decimal 379)
   defining Unicode char U+017C (decimal 380)
   defining Unicode char U+017D (decimal 381)
   defining Unicode char U+017E (decimal 382)
   defining Unicode char U+200C (decimal 8204)
   defining Unicode char U+2013 (decimal 8211)
   defining Unicode char U+2014 (decimal 8212)
   defining Unicode char U+2018 (decimal 8216)
   defining Unicode char U+2019 (decimal 8217)
   defining Unicode char U+201A (decimal 8218)
   defining Unicode char U+201C (decimal 8220)
   defining Unicode char U+201D (decimal 8221)
   defining Unicode char U+201E (decimal 8222)
   defining Unicode char U+2030 (decimal 8240)
   defining Unicode char U+2031 (decimal 8241)
   defining Unicode char U+2039 (decimal 8249)
   defining Unicode char U+203A (decimal 8250)
   defining Unicode char U+2423 (decimal 9251)
)
Now handling font encoding OT1 ...
... processing UTF-8 mapping file for font encoding OT1

(/usr/share/texlive/texmf-dist/tex/latex/base/ot1enc.dfu
File: ot1enc.dfu 2008/04/05 v1.1m UTF-8 support for inputenc
   defining Unicode char U+00A1 (decimal 161)
   defining Unicode char U+00A3 (decimal 163)
   defining Unicode char U+00B8 (decimal 184)
   defining Unicode char U+00BF (decimal 191)
   defining Unicode char U+00C5 (decimal 197)
   defining Unicode char U+00C6 (decimal 198)
   defining Unicode char U+00D8 (decimal 216)
   defining Unicode char U+00DF (decimal 223)
   defining Unicode char U+00E6 (decimal 230)
   defining Unicode char U+00EC (decimal 236)
   defining Unicode char U+00ED (decimal 237)
   defining Unicode char U+00EE (decimal 238)
   defining Unicode char U+00EF (decimal 239)
   defining Unicode char U+00F8 (decimal 248)
   defining Unicode char U+0131 (decimal 305)
   defining Unicode char U+0141 (decimal 321)
   defining Unicode char U+0142 (decimal 322)
   defining Unicode char U+0152 (decimal 338)
   defining Unicode char U+0153 (decimal 339)
   defining Unicode char U+2013 (decimal 8211)
   defining Unicode char U+2014 (decimal 8212)
   defining Unicode char U+2018 (decimal 8216)
   defining Unicode char U+2019 (decimal 8217)
   defining Unicode char U+201C (decimal 8220)
   defining Unicode char U+201D (decimal 8221)
)
Now handling font encoding OMS ...
... processing UTF-8 mapping file for font encoding OMS

(/usr/share/texlive/texmf-dist/tex/latex/base/omsenc.dfu
File: omsenc.dfu 2008/04/05 v1.1m UTF-8 support for inputenc
   defining Unicode char U+00A7 (decimal 167)
   defining Unicode char U+00B6 (decimal 182)
   defining Unicode char U+00B7 (decimal 183)
   defining Unicode char U+2020 (decimal 8224)
   defining Unicode char U+2021 (decimal 8225)
   defining Unicode char U+2022 (decimal 8226)
)
Now handling font encoding OMX ...
... no UTF-8 mapping file for font encoding OMX
Now handling font encoding U ...
... no UTF-8 mapping file for font encoding U
   defining Unicode char U+00A9 (decimal 169)
   defining Unicode char U+00AA (decimal 170)
   defining Unicode char U+00AE (decimal 174)
   defining Unicode char U+00BA (decimal 186)
   defining Unicode char U+02C6 (decimal 710)
   defining Unicode char U+02DC (decimal 732)
   defining Unicode char U+200C (decimal 8204)
   defining Unicode char U+2026 (decimal 8230)
   defining Unicode char U+2122 (decimal 8482)
   defining Unicode char U+2423 (decimal 9251)
))
(/usr/share/texlive/texmf-dist/tex/latex/graphics/graphicx.sty
Package: graphicx 1999/02/16 v1.0f Enhanced LaTeX Graphics (DPC,SPQR)

(/usr/share/texlive/texmf-dist/tex/latex/graphics/graphics.sty
Package: graphics 2009/02/05 v1.0o Standard LaTeX Graphics (DPC,SPQR)

(/usr/share/texlive/texmf-dist/tex/latex/graphics/trig.sty
Package: trig 1999/03/16 v1.09 sin cos tan (DPC)
)
(/usr/share/texlive/texmf-dist/tex/latex/latexconfig/graphics.cfg
File: graphics.cfg 2010/04/23 v1.9 graphics configuration of TeX Live
)
Package graphics Info: Driver file: pdftex.def on input line 91.

(/usr/share/texlive/texmf-dist/tex/latex/pdftex-def/pdftex.def
File: pdftex.def 2011/05/27 v0.06d Graphics/color for pdfTeX

(/usr/share/texlive/texmf-dist/tex/generic/oberdiek/infwarerr.sty
Package: infwarerr 2010/04/08 v1.3 Providing info/warning/error messages (HO)
)
(/usr/share/texlive/texmf-dist/tex/generic/oberdiek/ltxcmds.sty
Package: ltxcmds 2011/11/09 v1.22 LaTeX kernel commands for general use (HO)
)
\Gread@gobject=\count90
))
\Gin@req@height=\dimen111
\Gin@req@width=\dimen112
)
(/usr/share/texlive/texmf-dist/tex/latex/float/float.sty
Package: float 2001/11/08 v1.3d Float enhancements (AL)
\c@float@type=\count91
\float@exts=\toks18
\float@box=\box26
\@float@everytoks=\toks19
\@floatcapt=\box27
)
(/usr/share/texlive/texmf-dist/tex/latex/amsfonts/amssymb.sty
Package: amssymb 2013/01/14 v3.01 AMS font symbols

(/usr/share/texlive/texmf-dist/tex/latex/amsfonts/amsfonts.sty
Package: amsfonts 2013/01/14 v3.01 Basic AMSFonts support
\@emptytoks=\toks20
\symAMSa=\mathgroup4
\symAMSb=\mathgroup5
LaTeX Font Info:    Overwriting math alphabet `\mathfrak' in version `bold'
(Font)                  U/euf/m/n --> U/euf/b/n on input line 106.
))
(/usr/share/texlive/texmf-dist/tex/latex/amsmath/amsmath.sty
Package: amsmath 2013/01/14 v2.14 AMS math features
\@mathmargin=\skip43

For additional information on amsmath, use the `?' option.
(/usr/share/texlive/texmf-dist/tex/latex/amsmath/amstext.sty
Package: amstext 2000/06/29 v2.01

(/usr/share/texlive/texmf-dist/tex/latex/amsmath/amsgen.sty
File: amsgen.sty 1999/11/30 v2.0
\@emptytoks=\toks21
\ex@=\dimen113
))
(/usr/share/texlive/texmf-dist/tex/latex/amsmath/amsbsy.sty
Package: amsbsy 1999/11/29 v1.2d
\pmbraise@=\dimen114
)
(/usr/share/texlive/texmf-dist/tex/latex/amsmath/amsopn.sty
Package: amsopn 1999/12/14 v2.01 operator names
)
\inf@bad=\count92
LaTeX Info: Redefining \frac on input line 210.
\uproot@=\count93
\leftroot@=\count94
LaTeX Info: Redefining \overline on input line 306.
\classnum@=\count95
\DOTSCASE@=\count96
LaTeX Info: Redefining \ldots on input line 378.
LaTeX Info: Redefining \dots on input line 381.
LaTeX Info: Redefining \cdots on input line 466.
\Mathstrutbox@=\box28
\strutbox@=\box29
\big@size=\dimen115
LaTeX Font Info:    Redeclaring font encoding OML on input line 566.
LaTeX Font Info:    Redeclaring font encoding OMS on input line 567.
\macc@depth=\count97
\c@MaxMatrixCols=\count98
\dotsspace@=\muskip10
\c@parentequation=\count99
\dspbrk@lvl=\count100
\tag@help=\toks22
\row@=\count101
\column@=\count102
\maxfields@=\count103
\andhelp@=\toks23
\eqnshift@=\dimen116
\alignsep@=\dimen117
\tagshift@=\dimen118
\tagwidth@=\dimen119
\totwidth@=\dimen120
\lineht@=\dimen121
\@envbody=\toks24
\multlinegap=\skip44
\multlinetaggap=\skip45
\mathdisplay@stack=\toks25
LaTeX Info: Redefining \[ on input line 2665.
LaTeX Info: Redefining \] on input line 2666.
)
(/usr/share/texlive/texmf-dist/tex/latex/colortbl/colortbl.sty
Package: colortbl 2012/02/13 v1.0a Color table columns (DPC)

(/usr/share/texlive/texmf-dist/tex/latex/tools/array.sty
Package: array 2008/09/09 v2.4c Tabular extension package (FMi)
\col@sep=\dimen122
\extrarowheight=\dimen123
\NC@list=\toks26
\extratabsurround=\skip46
\backup@length=\skip47
)
(/usr/share/texlive/texmf-dist/tex/latex/graphics/color.sty
Package: color 2005/11/14 v1.0j Standard LaTeX Color (DPC)

(/usr/share/texlive/texmf-dist/tex/latex/latexconfig/color.cfg
File: color.cfg 2007/01/18 v1.5 color configuration of teTeX/TeXLive
)
Package color Info: Driver file: pdftex.def on input line 130.
)
\everycr=\toks27
\minrowclearance=\skip48
)
(/usr/share/texlive/texmf-dist/tex/latex/xcolor/xcolor.sty
Package: xcolor 2007/01/21 v2.11 LaTeX color extensions (UK)

(/usr/share/texlive/texmf-dist/tex/latex/latexconfig/color.cfg
File: color.cfg 2007/01/18 v1.5 color configuration of teTeX/TeXLive
)
Package xcolor Info: Driver file: pdftex.def on input line 225.
LaTeX Info: Redefining \color on input line 702.
\rownum=\count104
Package xcolor Info: Model `cmy' substituted by `cmy0' on input line 1337.
Package xcolor Info: Model `hsb' substituted by `rgb' on input line 1341.
Package xcolor Info: Model `RGB' extended on input line 1353.
Package xcolor Info: Model `HTML' substituted by `rgb' on input line 1355.
Package xcolor Info: Model `Hsb' substituted by `hsb' on input line 1356.
Package xcolor Info: Model `tHsb' substituted by `hsb' on input line 1357.
Package xcolor Info: Model `HSB' substituted by `hsb' on input line 1358.
Package xcolor Info: Model `Gray' substituted by `gray' on input line 1359.
Package xcolor Info: Model `wave' substituted by `hsb' on input line 1360.
)
(./simpl_write_up.aux)
\openout1 = `simpl_write_up.aux'.

LaTeX Font Info:    Checking defaults for OML/cmm/m/it on input line 39.
LaTeX Font Info:    ... okay on input line 39.
LaTeX Font Info:    Checking defaults for T1/cmr/m/n on input line 39.
LaTeX Font Info:    ... okay on input line 39.
LaTeX Font Info:    Checking defaults for OT1/cmr/m/n on input line 39.
LaTeX Font Info:    ... okay on input line 39.
LaTeX Font Info:    Checking defaults for OMS/cmsy/m/n on input line 39.
LaTeX Font Info:    ... okay on input line 39.
LaTeX Font Info:    Checking defaults for OMX/cmex/m/n on input line 39.
LaTeX Font Info:    ... okay on input line 39.
LaTeX Font Info:    Checking defaults for U/cmr/m/n on input line 39.
LaTeX Font Info:    ... okay on input line 39.

*geometry* driver: auto-detecting
*geometry* detected driver: pdftex
*geometry* verbose mode - [ preamble ] result:
* driver: pdftex
* paper: a4paper
* layout: <same size as paper>
* layoutoffset:(h,v)=(0.0pt,0.0pt)
* modes: 
* h-part:(L,W,R)=(72.26999pt, 452.9679pt, 72.26999pt)
* v-part:(T,H,B)=(72.26999pt, 700.50687pt, 72.26999pt)
* \paperwidth=597.50787pt
* \paperheight=845.04684pt
* \textwidth=452.9679pt
* \textheight=700.50687pt
* \oddsidemargin=0.0pt
* \evensidemargin=0.0pt
* \topmargin=-37.0pt
* \headheight=12.0pt
* \headsep=25.0pt
* \topskip=10.0pt
* \footskip=30.0pt
* \marginparwidth=57.0pt
* \marginparsep=11.0pt
* \columnsep=10.0pt
* \skip\footins=9.0pt plus 4.0pt minus 2.0pt
* \hoffset=0.0pt
* \voffset=0.0pt
* \mag=1000
* \@twocolumnfalse
* \@twosidefalse
* \@mparswitchfalse
* \@reversemarginfalse
* (1in=72.27pt=25.4mm, 1cm=28.453pt)

(/usr/share/texlive/texmf-dist/tex/context/base/supp-pdf.mkii
[Loading MPS to PDF converter (version 2006.09.02).]
\scratchcounter=\count105
\scratchdimen=\dimen124
\scratchbox=\box30
\nofMPsegments=\count106
\nofMParguments=\count107
\everyMPshowfont=\toks28
\MPscratchCnt=\count108
\MPscratchDim=\dimen125
\MPnumerator=\count109
\makeMPintoPDFobject=\count110
\everyMPtoPDFconversion=\toks29
) (/usr/share/texlive/texmf-dist/tex/generic/oberdiek/pdftexcmds.sty
Package: pdftexcmds 2011/11/29 v0.20 Utility functions of pdfTeX for LuaTeX (HO
)

(/usr/share/texlive/texmf-dist/tex/generic/oberdiek/ifluatex.sty
Package: ifluatex 2010/03/01 v1.3 Provides the ifluatex switch (HO)
Package ifluatex Info: LuaTeX not detected.
)
Package pdftexcmds Info: LuaTeX not detected.
Package pdftexcmds Info: \pdf@primitive is available.
Package pdftexcmds Info: \pdf@ifprimitive is available.
Package pdftexcmds Info: \pdfdraftmode found.
)
(/usr/share/texlive/texmf-dist/tex/latex/oberdiek/epstopdf-base.sty
Package: epstopdf-base 2010/02/09 v2.5 Base part for package epstopdf

(/usr/share/texlive/texmf-dist/tex/latex/oberdiek/grfext.sty
Package: grfext 2010/08/19 v1.1 Manage graphics extensions (HO)

(/usr/share/texlive/texmf-dist/tex/generic/oberdiek/kvdefinekeys.sty
Package: kvdefinekeys 2011/04/07 v1.3 Define keys (HO)
))
(/usr/share/texlive/texmf-dist/tex/latex/oberdiek/kvoptions.sty
Package: kvoptions 2011/06/30 v3.11 Key value format for package options (HO)

(/usr/share/texlive/texmf-dist/tex/generic/oberdiek/kvsetkeys.sty
Package: kvsetkeys 2012/04/25 v1.16 Key value parser (HO)

(/usr/share/texlive/texmf-dist/tex/generic/oberdiek/etexcmds.sty
Package: etexcmds 2011/02/16 v1.5 Avoid name clashes with e-TeX commands (HO)
Package etexcmds Info: Could not find \expanded.
(etexcmds)             That can mean that you are not using pdfTeX 1.50 or
(etexcmds)             that some package has redefined \expanded.
(etexcmds)             In the latter case, load this package earlier.
)))
Package grfext Info: Graphics extension search list:
(grfext)             [.png,.pdf,.jpg,.mps,.jpeg,.jbig2,.jb2,.PNG,.PDF,.JPG,.JPE
G,.JBIG2,.JB2,.eps]
(grfext)             \AppendGraphicsExtensions on input line 452.

(/usr/share/texlive/texmf-dist/tex/latex/latexconfig/epstopdf-sys.cfg
File: epstopdf-sys.cfg 2010/07/13 v1.3 Configuration of (r)epstopdf for TeX Liv
e
))
LaTeX Font Info:    Try loading font information for U+msa on input line 40.

(/usr/share/texlive/texmf-dist/tex/latex/amsfonts/umsa.fd
File: umsa.fd 2013/01/14 v3.01 AMS symbols A
)
LaTeX Font Info:    Try loading font information for U+msb on input line 40.

(/usr/share/texlive/texmf-dist/tex/latex/amsfonts/umsb.fd
File: umsb.fd 2013/01/14 v3.01 AMS symbols B
)
<figures/arena.png, id=1, 1927.2pt x 1057.9525pt>
File: figures/arena.png Graphic file (type png)
 <use figures/arena.png>
Package pdftex.def Info: figures/arena.png used on input line 58.
(pdftex.def)             Requested size: 407.66833pt x 223.79088pt.

[1

{/usr/share/texlive/texmf/fonts/map/pdftex/updmap/pdftex.map} <./figures/arena.
png>] <figures/ball.png, id=15, 546.04pt x 430.60875pt>
File: figures/ball.png Graphic file (type png)

<use figures/ball.png>
Package pdftex.def Info: figures/ball.png used on input line 69.
(pdftex.def)             Requested size: 317.07614pt x 250.0489pt.
 <figures/angle.png, id=16, 583.17876pt x 462.72874pt>
File: figures/angle.png Graphic file (type png)

<use figures/angle.png>
Package pdftex.def Info: figures/angle.png used on input line 78.
(pdftex.def)             Requested size: 226.48395pt x 179.70093pt.
 [2 <./figures/ball.png> <./figures/angle.png>]
<figures/paddle.png, id=29, 227.85126pt x 716.6775pt>
File: figures/paddle.png Graphic file (type png)
 <use figures/paddle.png>
Package pdftex.def Info: figures/paddle.png used on input line 93.
(pdftex.def)             Requested size: 135.89174pt x 427.43996pt.

[3 <./figures/paddle.png>] <figures/nn.png, id=34, 1189.44376pt x 776.9025pt>
File: figures/nn.png Graphic file (type png)

<use figures/nn.png>
Package pdftex.def Info: figures/nn.png used on input line 112.
(pdftex.def)             Requested size: 452.9679pt x 295.8543pt.
 [4 <./figures/nn.png>]
<figures/unit_vectors.png, id=42, 1927.2pt x 995.72pt>
File: figures/unit_vectors.png Graphic file (type png)

<use figures/unit_vectors.png>
Package pdftex.def Info: figures/unit_vectors.png used on input line 121.
(pdftex.def)             Requested size: 452.9679pt x 234.02461pt.

<figures/nn_input.png, id=43, 813.0375pt x 601.24625pt>
File: figures/nn_input.png Graphic file (type png)

<use figures/nn_input.png>
Package pdftex.def Info: figures/nn_input.png used on input line 128.
(pdftex.def)             Requested size: 407.66833pt x 301.46642pt.
 [5 <./figures/unit_vectors.png> <./figures/nn_input.png>] [6] [7] <figures/pla
tform_sizes.png, id=56, 1927.2pt x 1084.05pt>
File: figures/platform_sizes.png Graphic file (type png)

<use figures/platform_sizes.png>
Package pdftex.def Info: figures/platform_sizes.png used on input line 209.
(pdftex.def)             Requested size: 301.67677pt x 169.68013pt.

Overfull \hbox (55.80592pt too wide) in paragraph at lines 233--254
[] [] 
 []

[8 <./figures/platform_sizes.png>] [9] [10]
<figures/simple_fit_func.png, id=73, 1084.05pt x 602.25pt>
File: figures/simple_fit_func.png Graphic file (type png)

<use figures/simple_fit_func.png>
Package pdftex.def Info: figures/simple_fit_func.png used on input line 304.
(pdftex.def)             Requested size: 203.83417pt x 113.23404pt.

<figures/roulette.png, id=74, 1607.00375pt x 764.8575pt>
File: figures/roulette.png Graphic file (type png)

<use figures/roulette.png>
Package pdftex.def Info: figures/roulette.png used on input line 315.
(pdftex.def)             Requested size: 407.66833pt x 194.02655pt.
 [11 <./figures/simple_fit_func.png>] [12 <./figures/roulette.png>] [13]
Overfull \hbox (11.48247pt too wide) detected at line 390
[]
 []

[14]
Overfull \hbox (32.38435pt too wide) in paragraph at lines 402--420
 [][] 
 []


Overfull \hbox (32.38435pt too wide) in paragraph at lines 433--449
 [][] 
 []

[15]
Overfull \hbox (32.38435pt too wide) in paragraph at lines 462--478
 [][] 
 []

[16] [17] <figures/exp1_avg_fit.png, id=99, 1300.1072pt x 743.77875pt>
File: figures/exp1_avg_fit.png Graphic file (type png)

<use figures/exp1_avg_fit.png>
Package pdftex.def Info: figures/exp1_avg_fit.png used on input line 554.
(pdftex.def)             Requested size: 452.9679pt x 259.1348pt.

<figures/exp1_10_tops.png, id=100, 1114.91531pt x 565.36218pt>
File: figures/exp1_10_tops.png Graphic file (type png)

<use figures/exp1_10_tops.png>
Package pdftex.def Info: figures/exp1_10_tops.png used on input line 561.
(pdftex.def)             Requested size: 452.9679pt x 229.69507pt.
 [18 <./figures/exp1_avg_fit.png (PNG copy)>]
<figures/exp1_10_tops_times.png, id=104, 1355.8153pt x 742.27313pt>
File: figures/exp1_10_tops_times.png Graphic file (type png)

<use figures/exp1_10_tops_times.png>
Package pdftex.def Info: figures/exp1_10_tops_times.png used on input line 568.

(pdftex.def)             Requested size: 452.9679pt x 247.9863pt.

<figures/exp2_avg_fit.png, id=105, 1227.08438pt x 584.93532pt>
File: figures/exp2_avg_fit.png Graphic file (type png)

<use figures/exp2_avg_fit.png>
Package pdftex.def Info: figures/exp2_avg_fit.png used on input line 577.
(pdftex.def)             Requested size: 452.9679pt x 215.92285pt.
 [19 <./figures/exp1_10_tops.png (PNG copy)> <./figures/exp1_10_tops_times.png 
(PNG copy)>]
<figures/exp2_10_tops.png, id=110, 1209.76968pt x 573.64313pt>
File: figures/exp2_10_tops.png Graphic file (type png)

<use figures/exp2_10_tops.png>
Package pdftex.def Info: figures/exp2_10_tops.png used on input line 584.
(pdftex.def)             Requested size: 452.9679pt x 214.78302pt.

<figures/exp2_10_tops_times.png, id=111, 1216.545pt x 550.30594pt>
File: figures/exp2_10_tops_times.png Graphic file (type png)

<use figures/exp2_10_tops_times.png>
Package pdftex.def Info: figures/exp2_10_tops_times.png used on input line 591.

(pdftex.def)             Requested size: 452.9679pt x 204.89474pt.
 [20 <./figures/exp2_avg_fit.png (PNG copy)> <./figures/exp2_10_tops.png (PNG c
opy)>]
<figures/exp3_avg_fit.png, id=115, 1187.18532pt x 516.42938pt>
File: figures/exp3_avg_fit.png Graphic file (type png)

<use figures/exp3_avg_fit.png>
Package pdftex.def Info: figures/exp3_avg_fit.png used on input line 600.
(pdftex.def)             Requested size: 452.9679pt x 197.04109pt.

<figures/exp3_self_adapt.png, id=116, 1188.69093pt x 538.26094pt>
File: figures/exp3_self_adapt.png Graphic file (type png)

<use figures/exp3_self_adapt.png>
Package pdftex.def Info: figures/exp3_self_adapt.png used on input line 609.
(pdftex.def)             Requested size: 452.9679pt x 205.10799pt.
 [21 <./figures/exp2_10_tops_times.png (PNG copy)> <./figures/exp3_avg_fit.png 
(PNG copy)>]
<figures/exp3_10_tops.png, id=120, 1109.64563pt x 693.34032pt>
File: figures/exp3_10_tops.png Graphic file (type png)

<use figures/exp3_10_tops.png>
Package pdftex.def Info: figures/exp3_10_tops.png used on input line 616.
(pdftex.def)             Requested size: 452.9679pt x 283.02298pt.

<figures/exp3_10_tops_times.png, id=121, 1186.4325pt x 722.7pt>
File: figures/exp3_10_tops_times.png Graphic file (type png)

<use figures/exp3_10_tops_times.png>
Package pdftex.def Info: figures/exp3_10_tops_times.png used on input line 623.

(pdftex.def)             Requested size: 452.9679pt x 275.91907pt.
 [22 <./figures/exp3_self_adapt.png (PNG copy)> <./figures/exp3_10_tops.png (PN
G copy)>]
<figures/exp4_avg_fit.png, id=125, 1228.59pt x 546.54187pt>
File: figures/exp4_avg_fit.png Graphic file (type png)

<use figures/exp4_avg_fit.png>
Package pdftex.def Info: figures/exp4_avg_fit.png used on input line 632.
(pdftex.def)             Requested size: 452.9679pt x 201.50012pt.

<figures/exp4_10_tops.png, id=126, 1157.07281pt x 648.92438pt>
File: figures/exp4_10_tops.png Graphic file (type png)

<use figures/exp4_10_tops.png>
Package pdftex.def Info: figures/exp4_10_tops.png used on input line 639.
(pdftex.def)             Requested size: 452.9679pt x 254.03996pt.
 [23 <./figures/exp3_10_tops_times.png (PNG copy)> <./figures/exp4_avg_fit.png 
(PNG copy)>]
<figures/exp4_10_tops_times.png, id=130, 1211.27531pt x 735.49782pt>
File: figures/exp4_10_tops_times.png Graphic file (type png)

<use figures/exp4_10_tops_times.png>
Package pdftex.def Info: figures/exp4_10_tops_times.png used on input line 646.

(pdftex.def)             Requested size: 452.9679pt x 275.04785pt.

<figures/exp5_avg_fit.png, id=131, 1035.11719pt x 495.35063pt>
File: figures/exp5_avg_fit.png Graphic file (type png)

<use figures/exp5_avg_fit.png>
Package pdftex.def Info: figures/exp5_avg_fit.png used on input line 655.
(pdftex.def)             Requested size: 452.9679pt x 216.76828pt.
 [24 <./figures/exp4_10_tops.png (PNG copy)> <./figures/exp4_10_tops_times.png 
(PNG copy)>]
<figures/exp5_10_tops.png, id=135, 1293.33188pt x 645.91313pt>
File: figures/exp5_10_tops.png Graphic file (type png)

<use figures/exp5_10_tops.png>
Package pdftex.def Info: figures/exp5_10_tops.png used on input line 662.
(pdftex.def)             Requested size: 452.9679pt x 226.22083pt.

<figures/exp5_10_tops_times.png, id=136, 1131.47719pt x 595.47469pt>
File: figures/exp5_10_tops_times.png Graphic file (type png)

<use figures/exp5_10_tops_times.png>
Package pdftex.def Info: figures/exp5_10_tops_times.png used on input line 669.

(pdftex.def)             Requested size: 452.9679pt x 238.38554pt.
 [25 <./figures/exp5_avg_fit.png (PNG copy)> <./figures/exp5_10_tops.png (PNG c
opy)>]
<figures/exp6_avg_fit.png, id=141, 1114.1625pt x 576.65437pt>
File: figures/exp6_avg_fit.png Graphic file (type png)

<use figures/exp6_avg_fit.png>
Package pdftex.def Info: figures/exp6_avg_fit.png used on input line 678.
(pdftex.def)             Requested size: 452.9679pt x 234.44124pt.

<figures/exp6_10_tops.png, id=142, 999.735pt x 533.74406pt>
File: figures/exp6_10_tops.png Graphic file (type png)

<use figures/exp6_10_tops.png>
Package pdftex.def Info: figures/exp6_10_tops.png used on input line 685.
(pdftex.def)             Requested size: 452.9679pt x 241.83589pt.
 [26 <./figures/exp5_10_tops_times.png (PNG copy)> <./figures/exp6_avg_fit.png 
(PNG copy)>]
<figures/exp6_10_tops_times.png, id=146, 994.46532pt x 521.69907pt>
File: figures/exp6_10_tops_times.png Graphic file (type png)

<use figures/exp6_10_tops_times.png>
Package pdftex.def Info: figures/exp6_10_tops_times.png used on input line 692.

(pdftex.def)             Requested size: 452.9679pt x 237.62817pt.

<figures/exp7_avg_fit.png, id=147, 1447.65843pt x 784.43062pt>
File: figures/exp7_avg_fit.png Graphic file (type png)

<use figures/exp7_avg_fit.png>
Package pdftex.def Info: figures/exp7_avg_fit.png used on input line 701.
(pdftex.def)             Requested size: 452.9679pt x 245.44516pt.
 [27 <./figures/exp6_10_tops.png (PNG copy)> <./figures/exp6_10_tops_times.png 
(PNG copy)>]
<figures/exp7_10_tops.png, id=151, 1038.12843pt x 544.28343pt>
File: figures/exp7_10_tops.png Graphic file (type png)

<use figures/exp7_10_tops.png>
Package pdftex.def Info: figures/exp7_10_tops.png used on input line 708.
(pdftex.def)             Requested size: 452.9679pt x 237.48392pt.

<figures/exp7_10_tops_times.png, id=152, 1123.94907pt x 587.94656pt>
File: figures/exp7_10_tops_times.png Graphic file (type png)

<use figures/exp7_10_tops_times.png>
Package pdftex.def Info: figures/exp7_10_tops_times.png used on input line 715.

(pdftex.def)             Requested size: 452.9679pt x 236.95078pt.
 [28 <./figures/exp7_avg_fit.png (PNG copy)> <./figures/exp7_10_tops.png (PNG c
opy)>]
<figures/exp12_10_tops_times.png, id=156, 1355.8153pt x 742.27313pt>
File: figures/exp12_10_tops_times.png Graphic file (type png)

<use figures/exp12_10_tops_times.png>
Package pdftex.def Info: figures/exp12_10_tops_times.png used on input line 726
.
(pdftex.def)             Requested size: 452.9679pt x 247.9863pt.

<figures/exp345_avg_fit.png, id=157, 1187.93813pt x 674.52pt>
File: figures/exp345_avg_fit.png Graphic file (type png)

<use figures/exp345_avg_fit.png>
Package pdftex.def Info: figures/exp345_avg_fit.png used on input line 735.
(pdftex.def)             Requested size: 452.9679pt x 257.19511pt.
 [29 <./figures/exp7_10_tops_times.png (PNG copy)> <./figures/exp12_10_tops_tim
es.png (PNG copy)>]
<figures/exp345_10_tops.png, id=161, 1108.8928pt x 702.37407pt>
File: figures/exp345_10_tops.png Graphic file (type png)

<use figures/exp345_10_tops.png>
Package pdftex.def Info: figures/exp345_10_tops.png used on input line 742.
(pdftex.def)             Requested size: 452.9679pt x 286.91422pt.

<figures/exp345_10_tops_times.png, id=162, 1186.4325pt x 722.7pt>
File: figures/exp345_10_tops_times.png Graphic file (type png)

<use figures/exp345_10_tops_times.png>
Package pdftex.def Info: figures/exp345_10_tops_times.png used on input line 74
9.
(pdftex.def)             Requested size: 452.9679pt x 275.91907pt.
 [30 <./figures/exp345_avg_fit.png (PNG copy)> <./figures/exp345_10_tops.png (P
NG copy)>]
<figures/exp46_avg_fit.png, id=166, 1114.1625pt x 576.65437pt>
File: figures/exp46_avg_fit.png Graphic file (type png)

<use figures/exp46_avg_fit.png>
Package pdftex.def Info: figures/exp46_avg_fit.png used on input line 758.
(pdftex.def)             Requested size: 452.9679pt x 234.44124pt.

<figures/exp56_10_tops.png, id=167, 999.735pt x 533.74406pt>
File: figures/exp56_10_tops.png Graphic file (type png)

<use figures/exp56_10_tops.png>
Package pdftex.def Info: figures/exp56_10_tops.png used on input line 765.
(pdftex.def)             Requested size: 452.9679pt x 241.83589pt.
 [31 <./figures/exp345_10_tops_times.png (PNG copy)> <./figures/exp46_avg_fit.p
ng (PNG copy)>]
<figures/exp56_10_tops_times.png, id=172, 994.46532pt x 521.69907pt>
File: figures/exp56_10_tops_times.png Graphic file (type png)

<use figures/exp56_10_tops_times.png>
Package pdftex.def Info: figures/exp56_10_tops_times.png used on input line 772
.
(pdftex.def)             Requested size: 452.9679pt x 237.62817pt.
 [32 <./figures/exp56_10_tops.png (PNG copy)> <./figures/exp56_10_tops_times.pn
g (PNG copy)>] (./simpl_write_up.bbl)
[33] (./simpl_write_up.aux) ) 
Here is how much of TeX's memory you used:
 3956 strings out of 495063
 53878 string characters out of 3182194
 128988 words of memory out of 3000000
 7020 multiletter control sequences out of 15000+200000
 12510 words of font info for 48 fonts, out of 3000000 for 9000
 14 hyphenation exceptions out of 8191
 38i,15n,35p,2049b,233s stack positions out of 5000i,500n,10000p,200000b,50000s
</usr/share/texlive/texmf-dist/fonts/type1/public/
amsfonts/cm/cmbx10.pfb></usr/share/texlive/texmf-dist/fonts/type1/public/amsfon
ts/cm/cmbx12.pfb></usr/share/texlive/texmf-dist/fonts/type1/public/amsfonts/cm/
cmbx8.pfb></usr/share/texlive/texmf-dist/fonts/type1/public/amsfonts/cm/cmex10.
pfb></usr/share/texlive/texmf-dist/fonts/type1/public/amsfonts/cmextra/cmex8.pf
b></usr/share/texlive/texmf-dist/fonts/type1/public/amsfonts/cm/cmmi10.pfb></us
r/share/texlive/texmf-dist/fonts/type1/public/amsfonts/cm/cmmi5.pfb></usr/share
/texlive/texmf-dist/fonts/type1/public/amsfonts/cm/cmmi6.pfb></usr/share/texliv
e/texmf-dist/fonts/type1/public/amsfonts/cm/cmmi7.pfb></usr/share/texlive/texmf
-dist/fonts/type1/public/amsfonts/cm/cmmi8.pfb></usr/share/texlive/texmf-dist/f
onts/type1/public/amsfonts/cm/cmr10.pfb></usr/share/texlive/texmf-dist/fonts/ty
pe1/public/amsfonts/cm/cmr12.pfb></usr/share/texlive/texmf-dist/fonts/type1/pub
lic/amsfonts/cm/cmr17.pfb></usr/share/texlive/texmf-dist/fonts/type1/public/ams
fonts/cm/cmr5.pfb></usr/share/texlive/texmf-dist/fonts/type1/public/amsfonts/cm
/cmr6.pfb></usr/share/texlive/texmf-dist/fonts/type1/public/amsfonts/cm/cmr7.pf
b></usr/share/texlive/texmf-dist/fonts/type1/public/amsfonts/cm/cmr8.pfb></usr/
share/texlive/texmf-dist/fonts/type1/public/amsfonts/cm/cmsy10.pfb></usr/share/
texlive/texmf-dist/fonts/type1/public/amsfonts/cm/cmsy7.pfb></usr/share/texlive
/texmf-dist/fonts/type1/public/amsfonts/cm/cmsy8.pfb></usr/share/texlive/texmf-
dist/fonts/type1/public/amsfonts/cm/cmti10.pfb></usr/share/texlive/texmf-dist/f
onts/type1/public/amsfonts/cm/cmti8.pfb>
Output written on simpl_write_up.pdf (33 pages, 2776815 bytes).
PDF statistics:
 249 PDF objects out of 1000 (max. 8388607)
 141 compressed objects within 2 object streams
 0 named destinations out of 1000 (max. 500000)
 196 words of extra memory for PDF output out of 10000 (max. 10000000)

